C51 COMPILER V9.57.0.0   MAIN                                                              09/08/2019 18:08:41 PAGE 1   


C51 COMPILER V9.57.0.0, COMPILATION OF MODULE MAIN
OBJECT MODULE PLACED IN .\Objects\main.obj
COMPILER INVOKED BY: E:\keil\install\C51\BIN\C51.EXE main.c OPTIMIZE(8,SPEED) BROWSE DEBUG OBJECTEXTEND PRINT(.\Listings
                    -\main.lst) TABS(2) OBJECT(.\Objects\main.obj)

line level    source

   1          /**********************实验测试程序************************
   2          *  平台：BST-V51 + Keil U5 + STC89C52RC
   3          *  名称：串口通信实验
   4          *  日期：2019-9-8
   5          *  姓名：ZhangHJ
   6          *  说明：串口返回接收到的数据
   7          ***********************************************************/
   8          #include<reg52.h>
   9          #include"bstv51.h"
  10          
  11          
  12          
  13          /**********************************************************
  14          *  函数名称：串口通信初始化函数
  15          *  日期：2019-9-8
  16          *  姓名：ZhangHJ
  17          *  说明：进行串口通信的初始化配置,包括
  18          *        计时器模式寄存器(TMOD)配置
  19          *        串行口控制寄存器(SCON)配置
  20          *        波特率与电源管理寄存器(PCON)配置
  21          *        中断允许寄存器(IE)配置
  22          *        计时器控制寄存器(TCON)配置
  23          ***********************************************************/
  24          void UartConfig()
  25          {
  26   1        TMOD = 0x20;      //设置计时器1的工作模式为2
  27   1        TH1 = 0xfd;       //设置计时器高八位数值
  28   1        TL1 = 0xfd;       //设置计时器低八位数值
  29   1        PCON = 0x00;      //设置波特率0x00为不加倍;0x80加倍
  30   1        SCON = 0x50;      //设置串行口控制寄存器工作模式为1,ERN=1表示允许接收数据
  31   1        EA = 1;           //开启整体中断
  32   1        ES = 1;           //允许串行中断
  33   1        TR1 = 1;          //T1计时器开始运行
  34   1      }
  35          
  36          int main()
  37          {
  38   1        bstv51_init();
  39   1        UartConfig();     //串口通信初始化
  40   1        while(1);
  41   1      }
  42          
  43          void uart_test() interrupt 4
  44          {
  45   1        uchar uartdata;   //数据缓存
  46   1        uartdata =  SBUF; //SBUF是接收到的串口数据
  47   1        while(!RI);       //等待接受完成
  48   1        RI = 0;           //接受标志位清零
  49   1        SBUF = uartdata;  //将接收到的数据发送出去
  50   1        while(!TI);       //等待发送数据完成
  51   1        TI = 0;           //发送标志位清零
  52   1      }


C51 COMPILER V9.57.0.0   MAIN                                                              09/08/2019 18:08:41 PAGE 2   

MODULE INFORMATION:   STATIC OVERLAYABLE
   CODE SIZE        =     56    ----
   CONSTANT SIZE    =   ----    ----
   XDATA SIZE       =   ----    ----
   PDATA SIZE       =   ----    ----
   DATA SIZE        =   ----    ----
   IDATA SIZE       =   ----    ----
   BIT SIZE         =   ----    ----
END OF MODULE INFORMATION.


C51 COMPILATION COMPLETE.  0 WARNING(S),  0 ERROR(S)
