C51 COMPILER V9.57.0.0   MAIN                                                              09/07/2019 15:30:33 PAGE 1   


C51 COMPILER V9.57.0.0, COMPILATION OF MODULE MAIN
OBJECT MODULE PLACED IN .\Objects\main.obj
COMPILER INVOKED BY: E:\keil\install\C51\BIN\C51.EXE main.c OPTIMIZE(8,SPEED) BROWSE DEBUG OBJECTEXTEND PRINT(.\Listings
                    -\main.lst) TABS(2) OBJECT(.\Objects\main.obj)

line level    source

   1          /**********************实验测试程序************************
   2          *  平台：BST-V51 + Keil U5 + STC89C52RC
   3          *  名称：流水灯实验
   4          *  日期：2019-9-7
   5          *  姓名：ZhangHJ
   6          ***********************************************************/
   7          #include<reg52.h>
   8          #include<intrins.h>
   9          #define ON 0
  10          #define OFF 1
  11          #define DELAYTIME 100   //延时时间
  12          
  13          //分别定义8位LED位
  14          sbit led0 = P1^0;
  15          sbit led1 = P1^1;
  16          sbit led2 = P1^2;
  17          sbit led3 = P1^3;
  18          sbit led4 = P1^4;
  19          sbit led5 = P1^5;
  20          sbit led6 = P1^6;
  21          sbit led7 = P1^7;
  22          
  23          
  24          /**********************************************************
  25          *  函数名称：低精度延时函数
  26          *  日期：2019-9-7
  27          *  姓名：ZhangHJ
  28          *  说明：嵌套循环延时
  29          ***********************************************************/
  30          void delay_ms(unsigned int mstime)
  31          {
  32   1        int i,j;
  33   1        for(i=mstime; i>=0; i--)
  34   1          for(j=112; j>=0; j--);
  35   1      }
  36          
  37          
  38          
  39          /**********************************************************
  40          *  函数名称：位操作流水灯函数
  41          *  日期：2019-9-7
  42          *  姓名：ZhangHJ
  43          *  说明：依次分别点亮并延时8个LED
  44          ***********************************************************/
  45          liushui_fun1(void)
  46          {
  47   1        while(1)
  48   1        {
  49   2          led0 = ON;
  50   2          delay_ms(DELAYTIME);
  51   2          led0 = OFF;
  52   2          
  53   2          led1 = ON;
  54   2          delay_ms(DELAYTIME);
C51 COMPILER V9.57.0.0   MAIN                                                              09/07/2019 15:30:33 PAGE 2   

  55   2          led1 = OFF;
  56   2          
  57   2          led2 = ON;
  58   2          delay_ms(DELAYTIME);
  59   2          led2 = OFF;
  60   2          
  61   2          led3 = ON;
  62   2          delay_ms(DELAYTIME);
  63   2          led3 = OFF;
  64   2      
  65   2          led4 = ON;
  66   2          delay_ms(DELAYTIME);
  67   2          led4 = OFF;
  68   2          
  69   2          led5 = ON;
  70   2          delay_ms(DELAYTIME);
  71   2          led5 = OFF;
  72   2      
  73   2          led6 = ON;
  74   2          delay_ms(DELAYTIME);
  75   2          led6 = OFF;
  76   2          
  77   2          led7 = ON;
  78   2          delay_ms(DELAYTIME);
  79   2          led7 = OFF;
  80   2        }
  81   1      }
  82          
  83          
  84          
  85          /**********************************************************
  86          *  函数名称：移位方式流水灯函数
  87          *  日期：2019-9-7
  88          *  姓名：ZhangHJ
  89          *  说明：P1循环移位8次,然后使P1初始化并重新循环
  90          ***********************************************************/
  91          liushui_fun2()
  92          {
  93   1        int i = 0;
  94   1        while(1)
  95   1        {
  96   2          P1 = 0xfe;        //1111 1110 LED0亮
  97   2          for(i=0; i<8; i++)
  98   2          {
  99   3            delay_ms(DELAYTIME);
 100   3            P1 <<= 1;       //P1左移一位
 101   3            P1 = P1|0x01;   //保证P1最后一位为 1
 102   3          }
 103   2        }
 104   1      }
 105          
 106          
 107          
 108          /**********************************************************
 109          *  函数名称：循环移位方式流水灯函数
 110          *  日期：2019-9-7
 111          *  姓名：ZhangHJ
 112          *  说明：使用_crol_函数,使P1循环移位(不会存在溢出现象)
 113          ***********************************************************/
 114          liushui_fun3()
 115          {
 116   1        P1 = 0Xfe;              //初始化LED0亮
C51 COMPILER V9.57.0.0   MAIN                                                              09/07/2019 15:30:33 PAGE 3   

 117   1        while(1)
 118   1        {
 119   2          delay_ms(DELAYTIME);
 120   2          P1 = _crol_(P1,1);    //P1循环左移1位
 121   2        }
 122   1      }
 123          
 124          int main()
 125          {
 126   1        //分别对三种方式进行测试
 127   1        //liushui_fun1();
 128   1        //liushui_fun2();
 129   1        liushui_fun3();
 130   1        return 0;
 131   1      }


MODULE INFORMATION:   STATIC OVERLAYABLE
   CODE SIZE        =    152    ----
   CONSTANT SIZE    =   ----    ----
   XDATA SIZE       =   ----    ----
   PDATA SIZE       =   ----    ----
   DATA SIZE        =   ----    ----
   IDATA SIZE       =   ----    ----
   BIT SIZE         =   ----    ----
END OF MODULE INFORMATION.


C51 COMPILATION COMPLETE.  0 WARNING(S),  0 ERROR(S)
