C51 COMPILER V9.57.0.0   MAIN                                                              09/07/2019 21:52:47 PAGE 1   


C51 COMPILER V9.57.0.0, COMPILATION OF MODULE MAIN
OBJECT MODULE PLACED IN .\Objects\main.obj
COMPILER INVOKED BY: E:\keil\install\C51\BIN\C51.EXE main.c OPTIMIZE(8,SPEED) BROWSE DEBUG OBJECTEXTEND PRINT(.\Listings
                    -\main.lst) TABS(2) OBJECT(.\Objects\main.obj)

line level    source

   1          /**********************实验测试程序************************
   2          *  平台：BST-V51 + Keil U5 + STC89C52RC
   3          *  名称：独立按键实验
   4          *  日期：2019-9-7
   5          *  姓名：ZhangHJ
   6          *  说明：独立按键控制LED
   7          ***********************************************************/
   8          #include<reg52.h>
   9          #include"bstv51.h"
  10          
  11          
  12          
  13          /**********************************************************
  14          *  函数名称：独立键盘控制LED函数
  15          *  日期：2019-9-7
  16          *  姓名：ZhangHJ
  17          *  说明：这个函数有问题！！！！不能使用！！
  18          *        函数预期功能是:通过KeyNum按键,控制LEDNum的亮灭
  19          *        该函数需要两个sbit变量作为形参,但是sbit变量不能进行参数传递,
  20          *        所以功能暂未实现
  21          ***********************************************************/
  22          /*
  23          void key_control_led(sbit KeyNum, sbit LEDNum)
  24          {
  25            if(KeyNum == 0)
  26              {
  27                delay_ms(10);
  28                if(KeyNum == 0)   //加入键盘消抖处理
  29                {
  30          //      while(KeyNum == 0);     //键盘送开时触发
  31          //      LEDNum = ~LEDNum;
  32                  LEDNum = 0;
  33                }
  34              }
  35              else
  36              {
  37                LEDNum = 1;
  38              }
  39          }
  40          */
  41          
  42          
  43          
  44          
  45          /**********************************************************
  46          *  函数名称：独立键盘控制LED主函数
  47          *  日期：2019-9-7
  48          *  姓名：ZhangHJ
  49          *  说明：按下Key1后,LED5和LED6点亮
  50          *        L0~L7表示LED,K1~K4表示独立按键,已经在bstv51.h中进行了位定义
  51          *        参考程序66、67行,可以实现键盘松开时触发的功能
  52          *        
  53          ***********************************************************/
  54          int main()
C51 COMPILER V9.57.0.0   MAIN                                                              09/07/2019 21:52:47 PAGE 2   

  55          {
  56   1        bstv51_init();    //板子初始化
  57   1        
  58   1        P1 = 0xff;        //初始化LED全灭
  59   1        while(1)
  60   1        {
  61   2          if(K1 == 0)
  62   2          {
  63   3            delay_ms(10);
  64   3            if(K1 == 0)   //加入键盘消抖处理
  65   3            {
  66   4      //      while(K1 == 0);     //键盘送开时触发
  67   4      //      L0 = ~L0;
  68   4              L5 = 0;
  69   4              L6 = 0;
  70   4            }
  71   3          }
  72   2          else
  73   2          {
  74   3            L5 = 1;
  75   3            L6 = 1;
  76   3          }
  77   2          
  78   2          //key_control_led(K1, L0);
  79   2        }
  80   1      }


MODULE INFORMATION:   STATIC OVERLAYABLE
   CODE SIZE        =     31    ----
   CONSTANT SIZE    =   ----    ----
   XDATA SIZE       =   ----    ----
   PDATA SIZE       =   ----    ----
   DATA SIZE        =   ----    ----
   IDATA SIZE       =   ----    ----
   BIT SIZE         =   ----    ----
END OF MODULE INFORMATION.


C51 COMPILATION COMPLETE.  0 WARNING(S),  0 ERROR(S)
